# JRE version: Java(TM) SE Runtime Environment (8.0_172-b11) (build 1.8.0_172-b11)
# Java VM: Java HotSpot(TM) 64-Bit Server VM (25.172-b11 mixed mode windows-amd64 compressed oops)
Heap:
 PSYoungGen      total 137216K, used 68661K [0x00000000eb400000, 0x00000000f8400000, 0x0000000100000000)
  eden space 117248K, 42% used [0x00000000eb400000,0x00000000ee42bd70,0x00000000f2680000)
  from space 19968K, 96% used [0x00000000f2680000,0x00000000f39617e0,0x00000000f3a00000)
  to   space 22528K, 0% used [0x00000000f6e00000,0x00000000f6e00000,0x00000000f8400000)
 ParOldGen       total 75776K, used 39575K [0x00000000c1c00000, 0x00000000c6600000, 0x00000000eb400000)
  object space 75776K, 52% used [0x00000000c1c00000,0x00000000c42a5d70,0x00000000c6600000)
 Metaspace       used 28778K, capacity 29428K, committed 29568K, reserved 1075200K
  class space    used 3414K, capacity 3612K, committed 3712K, reserved 1048576K
GC Heap History (10 events):
Event: 22.135 GC heap before
{Heap before GC invocations=11 (full 1):
 PSYoungGen      total 72704K, used 72675K [0x00000000eb400000, 0x00000000f2400000, 0x0000000100000000)
  eden space 62464K, 100% used [0x00000000eb400000,0x00000000ef100000,0x00000000ef100000)
  from space 10240K, 99% used [0x00000000ef100000,0x00000000efaf8ce0,0x00000000efb00000)
  to   space 14848K, 0% used [0x00000000f1580000,0x00000000f1580000,0x00000000f2400000)
 ParOldGen       total 40448K, used 24386K [0x00000000c1c00000, 0x00000000c4380000, 0x00000000eb400000)
  object space 40448K, 60% used [0x00000000c1c00000,0x00000000c33d09a8,0x00000000c4380000)
 Metaspace       used 28739K, capacity 29354K, committed 29568K, reserved 1075200K
  class space    used 3409K, capacity 3610K, committed 3712K, reserved 1048576K
Event: 22.181 GC heap after
Heap after GC invocations=11 (full 1):
 PSYoungGen      total 97792K, used 14824K [0x00000000eb400000, 0x00000000f2d80000, 0x0000000100000000)
  eden space 82944K, 0% used [0x00000000eb400000,0x00000000eb400000,0x00000000f0500000)
  from space 14848K, 99% used [0x00000000f1580000,0x00000000f23fa008,0x00000000f2400000)
  to   space 16896K, 0% used [0x00000000f0500000,0x00000000f0500000,0x00000000f1580000)
 ParOldGen       total 40448K, used 29258K [0x00000000c1c00000, 0x00000000c4380000, 0x00000000eb400000)
  object space 40448K, 72% used [0x00000000c1c00000,0x00000000c3892870,0x00000000c4380000)
 Metaspace       used 28739K, capacity 29354K, committed 29568K, reserved 1075200K
  class space    used 3409K, capacity 3610K, committed 3712K, reserved 1048576K
}
Event: 23.287 GC heap before
{Heap before GC invocations=12 (full 1):
 PSYoungGen      total 97792K, used 97768K [0x00000000eb400000, 0x00000000f2d80000, 0x0000000100000000)
  eden space 82944K, 100% used [0x00000000eb400000,0x00000000f0500000,0x00000000f0500000)
  from space 14848K, 99% used [0x00000000f1580000,0x00000000f23fa008,0x00000000f2400000)
  to   space 16896K, 0% used [0x00000000f0500000,0x00000000f0500000,0x00000000f1580000)
 ParOldGen       total 40448K, used 29258K [0x00000000c1c00000, 0x00000000c4380000, 0x00000000eb400000)
  object space 40448K, 72% used [0x00000000c1c00000,0x00000000c3892870,0x00000000c4380000)
 Metaspace       used 28759K, capacity 29354K, committed 29568K, reserved 1075200K
  class space    used 3411K, capacity 3610K, committed 3712K, reserved 1048576K
Event: 23.329 GC heap after
Heap after GC invocations=12 (full 1):
 PSYoungGen      total 99840K, used 14495K [0x00000000eb400000, 0x00000000f5000000, 0x0000000100000000)
  eden space 82944K, 0% used [0x00000000eb400000,0x00000000eb400000,0x00000000f0500000)
  from space 16896K, 85% used [0x00000000f0500000,0x00000000f1327c20,0x00000000f1580000)
  to   space 18432K, 0% used [0x00000000f3e00000,0x00000000f3e00000,0x00000000f5000000)
 ParOldGen       total 40448K, used 33650K [0x00000000c1c00000, 0x00000000c4380000, 0x00000000eb400000)
  object space 40448K, 83% used [0x00000000c1c00000,0x00000000c3cdca50,0x00000000c4380000)
 Metaspace       used 28759K, capacity 29354K, committed 29568K, reserved 1075200K
  class space    used 3411K, capacity 3610K, committed 3712K, reserved 1048576K
}
Event: 23.329 GC heap before
{Heap before GC invocations=13 (full 2):
 PSYoungGen      total 99840K, used 14495K [0x00000000eb400000, 0x00000000f5000000, 0x0000000100000000)
  eden space 82944K, 0% used [0x00000000eb400000,0x00000000eb400000,0x00000000f0500000)
  from space 16896K, 85% used [0x00000000f0500000,0x00000000f1327c20,0x00000000f1580000)
  to   space 18432K, 0% used [0x00000000f3e00000,0x00000000f3e00000,0x00000000f5000000)
 ParOldGen       total 40448K, used 33650K [0x00000000c1c00000, 0x00000000c4380000, 0x00000000eb400000)
  object space 40448K, 83% used [0x00000000c1c00000,0x00000000c3cdca50,0x00000000c4380000)
 Metaspace       used 28759K, capacity 29354K, committed 29568K, reserved 1075200K
  class space    used 3411K, capacity 3610K, committed 3712K, reserved 1048576K
Event: 23.544 GC heap after
Heap after GC invocations=13 (full 2):
 PSYoungGen      total 99840K, used 0K [0x00000000eb400000, 0x00000000f5000000, 0x0000000100000000)
  eden space 82944K, 0% used [0x00000000eb400000,0x00000000eb400000,0x00000000f0500000)
  from space 16896K, 0% used [0x00000000f0500000,0x00000000f0500000,0x00000000f1580000)
  to   space 18432K, 0% used [0x00000000f3e00000,0x00000000f3e00000,0x00000000f5000000)
 ParOldGen       total 75776K, used 36405K [0x00000000c1c00000, 0x00000000c6600000, 0x00000000eb400000)
  object space 75776K, 48% used [0x00000000c1c00000,0x00000000c3f8d660,0x00000000c6600000)
 Metaspace       used 28759K, capacity 29354K, committed 29568K, reserved 1075200K
  class space    used 3411K, capacity 3610K, committed 3712K, reserved 1048576K
}
Event: 24.891 GC heap before
{Heap before GC invocations=14 (full 2):
 PSYoungGen      total 99840K, used 82944K [0x00000000eb400000, 0x00000000f5000000, 0x0000000100000000)
  eden space 82944K, 100% used [0x00000000eb400000,0x00000000f0500000,0x00000000f0500000)
  from space 16896K, 0% used [0x00000000f0500000,0x00000000f0500000,0x00000000f1580000)
  to   space 18432K, 0% used [0x00000000f3e00000,0x00000000f3e00000,0x00000000f5000000)
 ParOldGen       total 75776K, used 36405K [0x00000000c1c00000, 0x00000000c6600000, 0x00000000eb400000)
  object space 75776K, 48% used [0x00000000c1c00000,0x00000000c3f8d660,0x00000000c6600000)
 Metaspace       used 28761K, capacity 29354K, committed 29568K, reserved 1075200K
  class space    used 3411K, capacity 3610K, committed 3712K, reserved 1048576K
Event: 24.926 GC heap after
Heap after GC invocations=14 (full 2):
 PSYoungGen      total 131584K, used 15832K [0x00000000eb400000, 0x00000000f4d80000, 0x0000000100000000)
  eden space 115712K, 0% used [0x00000000eb400000,0x00000000eb400000,0x00000000f2500000)
  from space 15872K, 99% used [0x00000000f3e00000,0x00000000f4d763d8,0x00000000f4d80000)
  to   space 19968K, 0% used [0x00000000f2680000,0x00000000f2680000,0x00000000f3a00000)
 ParOldGen       total 75776K, used 36405K [0x00000000c1c00000, 0x00000000c6600000, 0x00000000eb400000)
  object space 75776K, 48% used [0x00000000c1c00000,0x00000000c3f8d660,0x00000000c6600000)
 Metaspace       used 28761K, capacity 29354K, committed 29568K, reserved 1075200K
  class space    used 3411K, capacity 3610K, committed 3712K, reserved 1048576K
}
Event: 26.953 GC heap before
{Heap before GC invocations=15 (full 2):
 PSYoungGen      total 131584K, used 131544K [0x00000000eb400000, 0x00000000f4d80000, 0x0000000100000000)
  eden space 115712K, 100% used [0x00000000eb400000,0x00000000f2500000,0x00000000f2500000)
  from space 15872K, 99% used [0x00000000f3e00000,0x00000000f4d763d8,0x00000000f4d80000)
  to   space 19968K, 0% used [0x00000000f2680000,0x00000000f2680000,0x00000000f3a00000)
 ParOldGen       total 75776K, used 36405K [0x00000000c1c00000, 0x00000000c6600000, 0x00000000eb400000)
  object space 75776K, 48% used [0x00000000c1c00000,0x00000000c3f8d660,0x00000000c6600000)
 Metaspace       used 28775K, capacity 29428K, committed 29568K, reserved 1075200K
  class space    used 3414K, capacity 3612K, committed 3712K, reserved 1048576K
Event: 27.109 GC heap after
Heap after GC invocations=15 (full 2):
 PSYoungGen      total 137216K, used 19333K [0x00000000eb400000, 0x00000000f8400000, 0x0000000100000000)
  eden space 117248K, 0% used [0x00000000eb400000,0x00000000eb400000,0x00000000f2680000)
  from space 19968K, 96% used [0x00000000f2680000,0x00000000f39617e0,0x00000000f3a00000)
  to   space 22528K, 0% used [0x00000000f6e00000,0x00000000f6e00000,0x00000000f8400000)
 ParOldGen       total 75776K, used 39575K [0x00000000c1c00000, 0x00000000c6600000, 0x00000000eb400000)
  object space 75776K, 52% used [0x00000000c1c00000,0x00000000c42a5d70,0x00000000c6600000)
 Metaspace       used 28775K, capacity 29428K, committed 29568K, reserved 1075200K
  class space    used 3414K, capacity 3612K, committed 3712K, reserved 1048576K
}

