# JRE version: Java(TM) SE Runtime Environment (8.0_172-b11) (build 1.8.0_172-b11)
# Java VM: Java HotSpot(TM) 64-Bit Server VM (25.172-b11 mixed mode windows-amd64 compressed oops)
Heap:
 PSYoungGen      total 287232K, used 36790K [0x00000000eb400000, 0x00000000fef00000, 0x0000000100000000)
  eden space 251904K, 14% used [0x00000000eb400000,0x00000000ed7edba8,0x00000000faa00000)
  from space 35328K, 0% used [0x00000000faa00000,0x00000000faa00000,0x00000000fcc80000)
  to   space 30208K, 0% used [0x00000000fce00000,0x00000000fce00000,0x00000000feb80000)
 ParOldGen       total 83968K, used 36919K [0x00000000c1c00000, 0x00000000c6e00000, 0x00000000eb400000)
  object space 83968K, 43% used [0x00000000c1c00000,0x00000000c400dc58,0x00000000c6e00000)
 Metaspace       used 41431K, capacity 42136K, committed 42624K, reserved 1087488K
  class space    used 4965K, capacity 5160K, committed 5248K, reserved 1048576K
GC Heap History (10 events):
Event: 10.592 GC heap before
{Heap before GC invocations=10 (full 2):
 PSYoungGen      total 210944K, used 16354K [0x00000000eb400000, 0x00000000fb580000, 0x0000000100000000)
  eden space 194560K, 0% used [0x00000000eb400000,0x00000000eb400000,0x00000000f7200000)
  from space 16384K, 99% used [0x00000000f8880000,0x00000000f9878938,0x00000000f9880000)
  to   space 23040K, 0% used [0x00000000f7200000,0x00000000f7200000,0x00000000f8880000)
 ParOldGen       total 45568K, used 34753K [0x00000000c1c00000, 0x00000000c4880000, 0x00000000eb400000)
  object space 45568K, 76% used [0x00000000c1c00000,0x00000000c3df0560,0x00000000c4880000)
 Metaspace       used 23525K, capacity 24026K, committed 24192K, reserved 1071104K
  class space    used 2750K, capacity 2898K, committed 2944K, reserved 1048576K
Event: 10.696 GC heap after
Heap after GC invocations=10 (full 2):
 PSYoungGen      total 210944K, used 0K [0x00000000eb400000, 0x00000000fb580000, 0x0000000100000000)
  eden space 194560K, 0% used [0x00000000eb400000,0x00000000eb400000,0x00000000f7200000)
  from space 16384K, 0% used [0x00000000f8880000,0x00000000f8880000,0x00000000f9880000)
  to   space 23040K, 0% used [0x00000000f7200000,0x00000000f7200000,0x00000000f8880000)
 ParOldGen       total 83968K, used 35651K [0x00000000c1c00000, 0x00000000c6e00000, 0x00000000eb400000)
  object space 83968K, 42% used [0x00000000c1c00000,0x00000000c3ed0e70,0x00000000c6e00000)
 Metaspace       used 23525K, capacity 24026K, committed 24192K, reserved 1071104K
  class space    used 2750K, capacity 2898K, committed 2944K, reserved 1048576K
}
Event: 12.197 GC heap before
{Heap before GC invocations=11 (full 2):
 PSYoungGen      total 210944K, used 194560K [0x00000000eb400000, 0x00000000fb580000, 0x0000000100000000)
  eden space 194560K, 100% used [0x00000000eb400000,0x00000000f7200000,0x00000000f7200000)
  from space 16384K, 0% used [0x00000000f8880000,0x00000000f8880000,0x00000000f9880000)
  to   space 23040K, 0% used [0x00000000f7200000,0x00000000f7200000,0x00000000f8880000)
 ParOldGen       total 83968K, used 35651K [0x00000000c1c00000, 0x00000000c6e00000, 0x00000000eb400000)
  object space 83968K, 42% used [0x00000000c1c00000,0x00000000c3ed0e70,0x00000000c6e00000)
 Metaspace       used 23535K, capacity 24032K, committed 24192K, reserved 1071104K
  class space    used 2751K, capacity 2900K, committed 2944K, reserved 1048576K
Event: 12.242 GC heap after
Heap after GC invocations=11 (full 2):
 PSYoungGen      total 217600K, used 23017K [0x00000000eb400000, 0x00000000feb80000, 0x0000000100000000)
  eden space 194560K, 0% used [0x00000000eb400000,0x00000000eb400000,0x00000000f7200000)
  from space 23040K, 99% used [0x00000000f7200000,0x00000000f887a678,0x00000000f8880000)
  to   space 30208K, 0% used [0x00000000fce00000,0x00000000fce00000,0x00000000feb80000)
 ParOldGen       total 83968K, used 44202K [0x00000000c1c00000, 0x00000000c6e00000, 0x00000000eb400000)
  object space 83968K, 52% used [0x00000000c1c00000,0x00000000c472ab58,0x00000000c6e00000)
 Metaspace       used 23535K, capacity 24032K, committed 24192K, reserved 1071104K
  class space    used 2751K, capacity 2900K, committed 2944K, reserved 1048576K
}
Event: 23.266 GC heap before
{Heap before GC invocations=12 (full 2):
 PSYoungGen      total 217600K, used 217577K [0x00000000eb400000, 0x00000000feb80000, 0x0000000100000000)
  eden space 194560K, 100% used [0x00000000eb400000,0x00000000f7200000,0x00000000f7200000)
  from space 23040K, 99% used [0x00000000f7200000,0x00000000f887a678,0x00000000f8880000)
  to   space 30208K, 0% used [0x00000000fce00000,0x00000000fce00000,0x00000000feb80000)
 ParOldGen       total 83968K, used 44202K [0x00000000c1c00000, 0x00000000c6e00000, 0x00000000eb400000)
  object space 83968K, 52% used [0x00000000c1c00000,0x00000000c472ab58,0x00000000c6e00000)
 Metaspace       used 31874K, capacity 32572K, committed 32768K, reserved 1077248K
  class space    used 3816K, capacity 4038K, committed 4096K, reserved 1048576K
Event: 23.307 GC heap after
Heap after GC invocations=12 (full 2):
 PSYoungGen      total 282112K, used 29917K [0x00000000eb400000, 0x00000000fef00000, 0x0000000100000000)
  eden space 251904K, 0% used [0x00000000eb400000,0x00000000eb400000,0x00000000faa00000)
  from space 30208K, 99% used [0x00000000fce00000,0x00000000feb377a0,0x00000000feb80000)
  to   space 35328K, 0% used [0x00000000faa00000,0x00000000faa00000,0x00000000fcc80000)
 ParOldGen       total 83968K, used 44210K [0x00000000c1c00000, 0x00000000c6e00000, 0x00000000eb400000)
  object space 83968K, 52% used [0x00000000c1c00000,0x00000000c472cb58,0x00000000c6e00000)
 Metaspace       used 31874K, capacity 32572K, committed 32768K, reserved 1077248K
  class space    used 3816K, capacity 4038K, committed 4096K, reserved 1048576K
}
Event: 33.158 GC heap before
{Heap before GC invocations=13 (full 2):
 PSYoungGen      total 282112K, used 123840K [0x00000000eb400000, 0x00000000fef00000, 0x0000000100000000)
  eden space 251904K, 37% used [0x00000000eb400000,0x00000000f0fb8a30,0x00000000faa00000)
  from space 30208K, 99% used [0x00000000fce00000,0x00000000feb377a0,0x00000000feb80000)
  to   space 35328K, 0% used [0x00000000faa00000,0x00000000faa00000,0x00000000fcc80000)
 ParOldGen       total 83968K, used 44210K [0x00000000c1c00000, 0x00000000c6e00000, 0x00000000eb400000)
  object space 83968K, 52% used [0x00000000c1c00000,0x00000000c472cb58,0x00000000c6e00000)
 Metaspace       used 39312K, capacity 40060K, committed 40320K, reserved 1085440K
  class space    used 4661K, capacity 4898K, committed 4992K, reserved 1048576K
Event: 33.197 GC heap after
Heap after GC invocations=13 (full 2):
 PSYoungGen      total 287232K, used 23020K [0x00000000eb400000, 0x00000000fef00000, 0x0000000100000000)
  eden space 251904K, 0% used [0x00000000eb400000,0x00000000eb400000,0x00000000faa00000)
  from space 35328K, 65% used [0x00000000faa00000,0x00000000fc07b340,0x00000000fcc80000)
  to   space 30208K, 0% used [0x00000000fce00000,0x00000000fce00000,0x00000000feb80000)
 ParOldGen       total 83968K, used 47053K [0x00000000c1c00000, 0x00000000c6e00000, 0x00000000eb400000)
  object space 83968K, 56% used [0x00000000c1c00000,0x00000000c49f3680,0x00000000c6e00000)
 Metaspace       used 39312K, capacity 40060K, committed 40320K, reserved 1085440K
  class space    used 4661K, capacity 4898K, committed 4992K, reserved 1048576K
}
Event: 33.197 GC heap before
{Heap before GC invocations=14 (full 3):
 PSYoungGen      total 287232K, used 23020K [0x00000000eb400000, 0x00000000fef00000, 0x0000000100000000)
  eden space 251904K, 0% used [0x00000000eb400000,0x00000000eb400000,0x00000000faa00000)
  from space 35328K, 65% used [0x00000000faa00000,0x00000000fc07b340,0x00000000fcc80000)
  to   space 30208K, 0% used [0x00000000fce00000,0x00000000fce00000,0x00000000feb80000)
 ParOldGen       total 83968K, used 47053K [0x00000000c1c00000, 0x00000000c6e00000, 0x00000000eb400000)
  object space 83968K, 56% used [0x00000000c1c00000,0x00000000c49f3680,0x00000000c6e00000)
 Metaspace       used 39312K, capacity 40060K, committed 40320K, reserved 1085440K
  class space    used 4661K, capacity 4898K, committed 4992K, reserved 1048576K
Event: 33.333 GC heap after
Heap after GC invocations=14 (full 3):
 PSYoungGen      total 287232K, used 0K [0x00000000eb400000, 0x00000000fef00000, 0x0000000100000000)
  eden space 251904K, 0% used [0x00000000eb400000,0x00000000eb400000,0x00000000faa00000)
  from space 35328K, 0% used [0x00000000faa00000,0x00000000faa00000,0x00000000fcc80000)
  to   space 30208K, 0% used [0x00000000fce00000,0x00000000fce00000,0x00000000feb80000)
 ParOldGen       total 83968K, used 36919K [0x00000000c1c00000, 0x00000000c6e00000, 0x00000000eb400000)
  object space 83968K, 43% used [0x00000000c1c00000,0x00000000c400dc58,0x00000000c6e00000)
 Metaspace       used 39312K, capacity 40060K, committed 40320K, reserved 1085440K
  class space    used 4661K, capacity 4898K, committed 4992K, reserved 1048576K
}

